#
# There is insufficient memory for the Java Runtime Environment to continue.
# Native memory allocation (malloc) failed to allocate 1048576 bytes for AllocateHeap
# Possible reasons:
#   The system is out of physical RAM or swap space
#   In 32 bit mode, the process size limit was hit
# Possible solutions:
#   Reduce memory load on the system
#   Increase physical memory or swap space
#   Check if swap backing store is full
#   Use 64 bit Java on a 64 bit OS
#   Decrease Java heap size (-Xmx/-Xms)
#   Decrease number of Java threads
#   Decrease Java thread stack sizes (-Xss)
#   Set larger code cache with -XX:ReservedCodeCacheSize=
# This output file may be truncated or incomplete.
#
#  Out of Memory Error (memory/allocation.inline.hpp:61), pid=15552, tid=0x00000000000062ec
#
# JRE version:  (8.0_111-b14) (build )
# Java VM: Java HotSpot(TM) 64-Bit Server VM (25.111-b14 mixed mode windows-amd64 compressed oops)
# Failed to write core dump. Minidumps are not enabled by default on client versions of Windows
#

---------------  T H R E A D  ---------------

Current thread (0x0000000000b2e000):  JavaThread "Unknown thread" [_thread_in_vm, id=25324, stack(0x0000000002300000,0x0000000002400000)]

Stack: [0x0000000002300000,0x0000000002400000]
[error occurred during error reporting (printing stack bounds), id 0xc0000005]

Native frames: (J=compiled Java code, j=interpreted, Vv=VM code, C=native code)


---------------  P R O C E S S  ---------------

Java Threads: ( => current thread )

Other Threads:

=>0x0000000000b2e000 (exited) JavaThread "Unknown thread" [_thread_in_vm, id=25324, stack(0x0000000002300000,0x0000000002400000)]

VM state:not at safepoint (normal execution)

VM Mutex/Monitor currently owned by a thread: None

Heap:
 PSYoungGen      total 37888K, used 655K [0x00000000d6300000, 0x00000000d8d00000, 0x0000000100000000)
  eden space 32768K, 2% used [0x00000000d6300000,0x00000000d63a3d80,0x00000000d8300000)
  from space 5120K, 0% used [0x00000000d8800000,0x00000000d8800000,0x00000000d8d00000)
  to   space 5120K, 0% used [0x00000000d8300000,0x00000000d8300000,0x00000000d8800000)
 ParOldGen       total 86016K, used 0K [0x0000000082800000, 0x0000000087c00000, 0x00000000d6300000)
  object space 86016K, 0% used [0x0000000082800000,0x0000000082800000,0x0000000087c00000)
 Metaspace       used 770K, capacity 4480K, committed 4480K, reserved 1056768K
  class space    used 75K, capacity 384K, committed 384K, reserved 1048576K

Card table byte_map: [0x00000000118c0000,0x0000000011cb0000] byte_map_base: 0x00000000114ac000

Marking Bits: (ParMarkBitMap*) 0x000000006dd0a6c0
 Begin Bits: [0x0000000012750000, 0x00000000146b0000)
 End Bits:   [0x00000000146b0000, 0x0000000016610000)

Polling page: 0x0000000000ad0000

CodeCache: size=245760Kb used=328Kb max_used=328Kb free=245431Kb
 bounds [0x0000000002500000, 0x0000000002770000, 0x0000000011500000]
 total_blobs=58 nmethods=0 adapters=38
 compilation: enabled

Compilation events (0 events):
No events

GC Heap History (0 events):
No events

Deoptimization events (0 events):
No events

Internal exceptions (0 events):
No events

Events (10 events):
Event: 0.027 loading class java/lang/Short
Event: 0.027 loading class java/lang/Short done
Event: 0.027 loading class java/lang/Integer
Event: 0.027 loading class java/lang/Integer done
Event: 0.027 loading class java/lang/Long
Event: 0.027 loading class java/lang/Long done
Event: 0.028 loading class java/lang/NullPointerException
Event: 0.028 loading class java/lang/NullPointerException done
Event: 0.028 loading class java/lang/ArithmeticException
Event: 0.028 loading class java/lang/ArithmeticException done


Dynamic libraries:
0x00007ff7b73d0000 - 0x00007ff7b7407000 	C:\Program Files\Java\jdk1.8.0_111\jre\bin\java.exe
0x00007ff9da3b0000 - 0x00007ff9da5c7000 	C:\WINDOWS\SYSTEM32\ntdll.dll
0x00007ff9d89f0000 - 0x00007ff9d8ab4000 	C:\WINDOWS\System32\KERNEL32.DLL
0x00007ff9d7b40000 - 0x00007ff9d7ee7000 	C:\WINDOWS\System32\KERNELBASE.dll
0x00007ff9d9c40000 - 0x00007ff9d9cf0000 	C:\WINDOWS\System32\ADVAPI32.dll
0x00007ff9d9f20000 - 0x00007ff9d9fc7000 	C:\WINDOWS\System32\msvcrt.dll
0x00007ff9da150000 - 0x00007ff9da1f6000 	C:\WINDOWS\System32\sechost.dll
0x00007ff9da030000 - 0x00007ff9da147000 	C:\WINDOWS\System32\RPCRT4.dll
0x00007ff9d8840000 - 0x00007ff9d89ee000 	C:\WINDOWS\System32\USER32.dll
0x00007ff9d80e0000 - 0x00007ff9d8106000 	C:\WINDOWS\System32\win32u.dll
0x00007ff9da330000 - 0x00007ff9da359000 	C:\WINDOWS\System32\GDI32.dll
0x00007ff9d77a0000 - 0x00007ff9d78b9000 	C:\WINDOWS\System32\gdi32full.dll
0x00007ff9d7aa0000 - 0x00007ff9d7b3a000 	C:\WINDOWS\System32\msvcp_win.dll
0x00007ff9d7980000 - 0x00007ff9d7a91000 	C:\WINDOWS\System32\ucrtbase.dll
0x00007ff9bedd0000 - 0x00007ff9bf063000 	C:\WINDOWS\WinSxS\amd64_microsoft.windows.common-controls_6595b64144ccf1df_6.0.22621.2506_none_270c5ae97388e100\COMCTL32.dll
0x00007ff9da200000 - 0x00007ff9da231000 	C:\WINDOWS\System32\IMM32.DLL
0x000000006d410000 - 0x000000006d4e2000 	C:\Program Files\Java\jdk1.8.0_111\jre\bin\msvcr100.dll
0x000000006d4f0000 - 0x000000006dd8a000 	C:\Program Files\Java\jdk1.8.0_111\jre\bin\server\jvm.dll
0x00007ff9da240000 - 0x00007ff9da248000 	C:\WINDOWS\System32\PSAPI.DLL
0x00007ff9b8370000 - 0x00007ff9b8379000 	C:\WINDOWS\SYSTEM32\WSOCK32.dll
0x00007ff9d8ca0000 - 0x00007ff9d8d11000 	C:\WINDOWS\System32\WS2_32.dll
0x00007ff9c8470000 - 0x00007ff9c847a000 	C:\WINDOWS\SYSTEM32\VERSION.dll
0x00007ff9ce390000 - 0x00007ff9ce3c4000 	C:\WINDOWS\SYSTEM32\WINMM.dll
0x000000006d3c0000 - 0x000000006d3cf000 	C:\Program Files\Java\jdk1.8.0_111\jre\bin\verify.dll
0x000000006d390000 - 0x000000006d3b9000 	C:\Program Files\Java\jdk1.8.0_111\jre\bin\java.dll
0x000000006d370000 - 0x000000006d386000 	C:\Program Files\Java\jdk1.8.0_111\jre\bin\zip.dll

VM Arguments:
java_command: org.netbeans.modules.web.project.ant.JspCSingle -uriroot C:\Users\ussra\OneDrive\Documentos\GitHub\AprendendoJavaWeb\ClaudiaCabeleireiros\build\web -d C:\Users\ussra\OneDrive\Documentos\GitHub\AprendendoJavaWeb\ClaudiaCabeleireiros\build\generated\src -die1 -schemas /resources/schemas/ -dtds /resources/dtds/ -sysClasspath C:\Program Files\NetBeans 8.2\extide\ant\lib\ant.jar;C:\Program Files\NetBeans 8.2\enterprise\modules\ext\servlet3.1-jsp2.3-api.jar;C:\Program Files\NetBeans 8.2\enterprise\modules\ext\glassfish-jspparser-4.0.jar;C:\Program Files\NetBeans 8.2\enterprise\modules\ext\jstl-impl.jar;C:\Program Files\NetBeans 8.2\enterprise\modules\ext\jsf-2_2\javax.faces.jar -jspc.files C:\Users\ussra\OneDrive\Documentos\GitHub\AprendendoJavaWeb\ClaudiaCabeleireiros\build\web\login.jsp -compilerSourceVM 1.8 -compilerTargetVM 1.8 -javaEncoding UTF-8
java_class_path (initial): C:\Program Files\Java\jdk1.8.0_111\lib\tools.jar;C:\Program Files\NetBeans 8.2\enterprise\ant\extra\jspcompile.jar;C:\Program Files\NetBeans 8.2\extide\ant\lib\ant.jar;C:\Program Files\NetBeans 8.2\enterprise\modules\ext\servlet3.1-jsp2.3-api.jar;C:\Program Files\NetBeans 8.2\enterprise\modules\ext\glassfish-jspparser-4.0.jar;C:\Program Files\NetBeans 8.2\enterprise\modules\ext\jsf-2_2\javax.faces.jar;C:\Program Files\NetBeans 8.2\enterprise\modules\ext\jstl-api.jar;C:\Program Files\NetBeans 8.2\extide\ant\lib\ant-launcher.jar
Launcher Type: SUN_STANDARD

Environment Variables:
JAVA_HOME=C:\Program Files\Java\jdk1.8.0_111
PATH=C:\ProgramData\Oracle\Java\javapath;C:\Program Files (x86)\Common Files\Intel\Shared Files\cpp\bin\Intel64;C:\WINDOWS\system32;C:\WINDOWS;C:\WINDOWS\System32\Wbem;C:\WINDOWS\System32\WindowsPowerShell\v1.0\;C:\WINDOWS\System32\OpenSSH\;C:\Program Files\Cloudflare\Cloudflare WARP;C:\ProgramData\chocolatey\bin;C:\Program Files\Java\jdk1.8.0_111\bin;C:\php;C:\Users\ussra\AppData\Local\Microsoft\WindowsApps;C:\Users\ussra\AppData\Local\Programs\Microsoft VS Code\bin;
USERNAME=Rafael
OS=Windows_NT
PROCESSOR_IDENTIFIER=Intel64 Family 6 Model 142 Stepping 12, GenuineIntel



---------------  S Y S T E M  ---------------

OS: Windows 10.0 , 64 bit Build 22621 (10.0.22621.2506)

CPU:total 8 (4 cores per cpu, 2 threads per core) family 6 model 142 stepping 12, cmov, cx8, fxsr, mmx, sse, sse2, sse3, ssse3, sse4.1, sse4.2, popcnt, avx, avx2, aes, clmul, erms, 3dnowpref, lzcnt, ht, tsc, tscinvbit, bmi1, bmi2, adx

Memory: 4k page, physical 8218420k(572340k free), swap 10162996k(5224k free)

vm_info: Java HotSpot(TM) 64-Bit Server VM (25.111-b14) for windows-amd64 JRE (1.8.0_111-b14), built on Sep 22 2016 19:24:05 by "java_re" with MS VC++ 10.0 (VS2010)

time: Fri Nov 03 15:42:04 2023
elapsed time: 0 seconds (0d 0h 0m 0s)

